<?xml version="1.0" encoding="UTF-8"?>
<!-- Generated by org.testng.reporters.JUnitXMLReporter -->
<testsuite hostname="DESKTOP-3HM3893" ignored="1" name="Regression Functional Regression Test" tests="6" failures="0" timestamp="05 Apr 2020 05:36:02 GMT" time="43.982" errors="0">
  <testcase name="verifySignUpLink" time="6.487" classname="com.qa.hubspot.tests.LoginPageTest"/>
  <testcase name="verifyHomePageHeader" time="0.2" classname="com.qa.hubspot.tests.HomePageTest"/>
  <testcase name="verifyLoginPageTitleTest" time="0.041" classname="com.qa.hubspot.tests.LoginPageTest"/>
  <testcase name="verifyHomePageTitle" time="0.031" classname="com.qa.hubspot.tests.HomePageTest"/>
  <testcase name="loginTest" time="4.434" classname="com.qa.hubspot.tests.LoginPageTest"/>
  <testcase name="verifyLoggedInUserTest" time="0.141" classname="com.qa.hubspot.tests.HomePageTest"/>
  <testcase name="login_InvalidTestCases" time="0.0" classname="com.qa.hubspot.tests.LoginPageTest">
    <ignored/>
  </testcase> <!-- login_InvalidTestCases -->
</testsuite> <!-- Regression Functional Regression Test -->
