<?xml version="1.0" encoding="UTF-8"?>
<!-- Generated by org.testng.reporters.JUnitXMLReporter -->
<testsuite hostname="DESKTOP-3HM3893" ignored="1" name="Default test" tests="3" failures="0" timestamp="05 Apr 2020 05:11:25 GMT" time="23.124" errors="0">
  <testcase name="verifySignUpLink" time="6.299" classname="com.qa.hubspot.tests.LoginPageTest"/>
  <testcase name="verifyLoginPageTitleTest" time="0.051" classname="com.qa.hubspot.tests.LoginPageTest"/>
  <testcase name="loginTest" time="3.757" classname="com.qa.hubspot.tests.LoginPageTest"/>
  <testcase name="login_InvalidTestCases" time="0.0" classname="com.qa.hubspot.tests.LoginPageTest">
    <ignored/>
  </testcase> <!-- login_InvalidTestCases -->
</testsuite> <!-- Default test -->
