<?xml version="1.0" encoding="UTF-8"?>
<testng-results skipped="0" failed="0" ignored="1" total="4" passed="3">
  <reporter-output>
  </reporter-output>
  <suite name="HubSpot App Sanity Test Suite" duration-ms="24985" started-at="2020-04-04T02:29:00Z" finished-at="2020-04-04T02:29:25Z">
    <groups>
    </groups>
    <test name="Regression Functional Sanity Test" duration-ms="24985" started-at="2020-04-04T02:29:00Z" finished-at="2020-04-04T02:29:25Z">
      <class name="com.qa.hubspot.tests.LoginPageTest">
        <test-method status="PASS" signature="setUp()[pri:0, instance:com.qa.hubspot.tests.LoginPageTest@4de025bf]" name="setUp" is-config="true" duration-ms="12112" started-at="2020-04-04T15:29:00Z" finished-at="2020-04-04T15:29:13Z">
          <reporter-output>
          </reporter-output>
        </test-method> <!-- setUp -->
        <test-method status="PASS" signature="verifySignUpLink()[pri:1, instance:com.qa.hubspot.tests.LoginPageTest@4de025bf]" name="verifySignUpLink" duration-ms="6369" started-at="2020-04-04T15:29:13Z" finished-at="2020-04-04T15:29:19Z">
          <reporter-output>
          </reporter-output>
        </test-method> <!-- verifySignUpLink -->
        <test-method status="PASS" signature="verifyLoginPageTitleTest()[pri:2, instance:com.qa.hubspot.tests.LoginPageTest@4de025bf]" name="verifyLoginPageTitleTest" duration-ms="28" started-at="2020-04-04T15:29:19Z" finished-at="2020-04-04T15:29:19Z">
          <reporter-output>
          </reporter-output>
        </test-method> <!-- verifyLoginPageTitleTest -->
        <test-method status="PASS" signature="loginTest()[pri:3, instance:com.qa.hubspot.tests.LoginPageTest@4de025bf]" name="loginTest" duration-ms="5445" started-at="2020-04-04T15:29:19Z" finished-at="2020-04-04T15:29:24Z">
          <reporter-output>
          </reporter-output>
        </test-method> <!-- loginTest -->
        <test-method status="PASS" signature="tearDown()[pri:0, instance:com.qa.hubspot.tests.LoginPageTest@4de025bf]" name="tearDown" is-config="true" duration-ms="668" started-at="2020-04-04T15:29:24Z" finished-at="2020-04-04T15:29:25Z">
          <reporter-output>
          </reporter-output>
        </test-method> <!-- tearDown -->
      </class> <!-- com.qa.hubspot.tests.LoginPageTest -->
    </test> <!-- Regression Functional Sanity Test -->
  </suite> <!-- HubSpot App Sanity Test Suite -->
</testng-results>
