<?xml version="1.0" encoding="UTF-8"?>
<!-- Generated by org.testng.reporters.JUnitXMLReporter -->
<testsuite hostname="DESKTOP-3HM3893" ignored="1" name="Regression Functional Sanity Test" tests="3" failures="0" timestamp="04 Apr 2020 02:29:25 GMT" time="24.985" errors="0">
  <testcase name="verifySignUpLink" time="6.369" classname="com.qa.hubspot.tests.LoginPageTest"/>
  <testcase name="verifyLoginPageTitleTest" time="0.028" classname="com.qa.hubspot.tests.LoginPageTest"/>
  <testcase name="loginTest" time="5.445" classname="com.qa.hubspot.tests.LoginPageTest"/>
  <testcase name="login_InvalidTestCases" time="0.0" classname="com.qa.hubspot.tests.LoginPageTest">
    <ignored/>
  </testcase> <!-- login_InvalidTestCases -->
</testsuite> <!-- Regression Functional Sanity Test -->
